e:\formation\exo after\prog after\adobe after effects cc 2015 win sdk\examples\thomas\letterbox\win\x64\release\vc140.pdb
e:\formation\exo after\prog after\adobe after effects cc 2015 win sdk\examples\thomas\letterbox\win\x64\release\aefx_suitehelper.sbr
e:\formation\exo after\prog after\adobe after effects cc 2015 win sdk\examples\thomas\letterbox\win\x64\release\aefx_suitehelper.obj
e:\formation\exo after\prog after\adobe after effects cc 2015 win sdk\examples\thomas\letterbox\win\x64\release\aegp_suitehandler.sbr
e:\formation\exo after\prog after\adobe after effects cc 2015 win sdk\examples\thomas\letterbox\win\x64\release\missingsuiteerror.sbr
e:\formation\exo after\prog after\adobe after effects cc 2015 win sdk\examples\thomas\letterbox\win\x64\release\smart_utils.sbr
e:\formation\exo after\prog after\adobe after effects cc 2015 win sdk\examples\thomas\letterbox\win\x64\release\letterbox_strings.sbr
e:\formation\exo after\prog after\adobe after effects cc 2015 win sdk\examples\thomas\letterbox\win\x64\release\letterbox.sbr
e:\formation\exo after\prog after\adobe after effects cc 2015 win sdk\examples\thomas\letterbox\win\x64\release\letterbox.obj
e:\formation\exo after\prog after\adobe after effects cc 2015 win sdk\examples\thomas\letterbox\win\x64\release\letterbox_strings.obj
e:\formation\exo after\prog after\adobe after effects cc 2015 win sdk\examples\thomas\letterbox\win\x64\release\smart_utils.obj
e:\formation\exo after\prog after\adobe after effects cc 2015 win sdk\examples\thomas\letterbox\win\x64\release\missingsuiteerror.obj
e:\formation\exo after\prog after\adobe after effects cc 2015 win sdk\examples\thomas\letterbox\win\x64\release\aegp_suitehandler.obj
e:\formation\exo after\prog after\adobe after effects cc 2015 win sdk\examples\thomas\letterbox\win\letterboxpipl.rc
e:\formation\exo after\prog after\adobe after effects cc 2015 win sdk\examples\thomas\letterbox\win\x64\release\letterboxpipl.res
c:\program files\adobe\common\plug-ins\7.0\mediacore\thomas\letterbox.pdb
c:\program files\adobe\common\plug-ins\7.0\mediacore\thomas\letterbox.aex
c:\program files\adobe\common\plug-ins\7.0\mediacore\thomas\letterbox.ilk
e:\formation\exo after\prog after\adobe after effects cc 2015 win sdk\examples\thomas\letterbox\win\x64\release\letterbox.tlog\cl.command.1.tlog
e:\formation\exo after\prog after\adobe after effects cc 2015 win sdk\examples\thomas\letterbox\win\x64\release\letterbox.tlog\cl.read.1.tlog
e:\formation\exo after\prog after\adobe after effects cc 2015 win sdk\examples\thomas\letterbox\win\x64\release\letterbox.tlog\cl.write.1.tlog
e:\formation\exo after\prog after\adobe after effects cc 2015 win sdk\examples\thomas\letterbox\win\x64\release\letterbox.tlog\custombuild.command.1.tlog
e:\formation\exo after\prog after\adobe after effects cc 2015 win sdk\examples\thomas\letterbox\win\x64\release\letterbox.tlog\custombuild.read.1.tlog
e:\formation\exo after\prog after\adobe after effects cc 2015 win sdk\examples\thomas\letterbox\win\x64\release\letterbox.tlog\custombuild.write.1.tlog
e:\formation\exo after\prog after\adobe after effects cc 2015 win sdk\examples\thomas\letterbox\win\x64\release\letterbox.tlog\rc.command.1.tlog
e:\formation\exo after\prog after\adobe after effects cc 2015 win sdk\examples\thomas\letterbox\win\x64\release\letterbox.tlog\rc.read.1.tlog
e:\formation\exo after\prog after\adobe after effects cc 2015 win sdk\examples\thomas\letterbox\win\x64\release\letterbox.tlog\rc.write.1.tlog
