e:\formation\exo after\prog after\adobe after effects cc 2017.1 win sdk\examples\thomas\letterbox\win\x64\debug\letterbox.bsc
e:\formation\exo after\prog after\adobe after effects cc 2017.1 win sdk\examples\thomas\letterbox\win\x64\debug\vc141.pdb
e:\formation\exo after\prog after\adobe after effects cc 2017.1 win sdk\examples\thomas\letterbox\win\x64\debug\aefx_suitehelper.sbr
e:\formation\exo after\prog after\adobe after effects cc 2017.1 win sdk\examples\thomas\letterbox\win\x64\debug\aefx_suitehelper.obj
e:\formation\exo after\prog after\adobe after effects cc 2017.1 win sdk\examples\thomas\letterbox\win\x64\debug\vc140.pdb
e:\formation\exo after\prog after\adobe after effects cc 2017.1 win sdk\examples\thomas\letterbox\win\x64\debug\aegp_suitehandler.sbr
e:\formation\exo after\prog after\adobe after effects cc 2017.1 win sdk\examples\thomas\letterbox\win\x64\debug\missingsuiteerror.sbr
e:\formation\exo after\prog after\adobe after effects cc 2017.1 win sdk\examples\thomas\letterbox\win\x64\debug\smart_utils.sbr
e:\formation\exo after\prog after\adobe after effects cc 2017.1 win sdk\examples\thomas\letterbox\win\x64\debug\letterbox_strings.sbr
e:\formation\exo after\prog after\adobe after effects cc 2017.1 win sdk\examples\thomas\letterbox\win\x64\debug\letterbox.obj
e:\formation\exo after\prog after\adobe after effects cc 2017.1 win sdk\examples\thomas\letterbox\win\x64\debug\letterbox_strings.obj
e:\formation\exo after\prog after\adobe after effects cc 2017.1 win sdk\examples\thomas\letterbox\win\x64\debug\smart_utils.obj
e:\formation\exo after\prog after\adobe after effects cc 2017.1 win sdk\examples\thomas\letterbox\win\x64\debug\missingsuiteerror.obj
e:\formation\exo after\prog after\adobe after effects cc 2017.1 win sdk\examples\thomas\letterbox\win\x64\debug\aegp_suitehandler.obj
e:\formation\exo after\prog after\adobe after effects cc 2017.1 win sdk\examples\thomas\letterbox\win\x64\debug\letterbox.sbr
e:\formation\exo after\prog after\adobe after effects cc 2017.1 win sdk\examples\thomas\letterbox\win\letterboxpipl.rc
e:\formation\exo after\prog after\adobe after effects cc 2017.1 win sdk\examples\thomas\letterbox\win\x64\debug\letterbox.lib
e:\formation\exo after\prog after\adobe after effects cc 2017.1 win sdk\examples\thomas\letterbox\win\x64\debug\letterbox.exp
e:\formation\exo after\prog after\adobe after effects cc 2017.1 win sdk\examples\thomas\letterbox\win\x64\debug\letterboxpipl.res
e:\formation\exo after\prog after\adobe after effects cc 2017.1 win sdk\examples\thomas\letterbox\win\x64\debug\letterbox.pdb
c:\program files\adobe\common\plug-ins\7.0\mediacore\thomas\letterbox.pdb
e:\formation\exo after\prog after\adobe after effects cc 2017.1 win sdk\examples\thomas\letterbox\win\x64\debug\letterbox.tlog\bscmake.command.1.tlog
e:\formation\exo after\prog after\adobe after effects cc 2017.1 win sdk\examples\thomas\letterbox\win\x64\debug\letterbox.tlog\bscmake.read.1.tlog
e:\formation\exo after\prog after\adobe after effects cc 2017.1 win sdk\examples\thomas\letterbox\win\x64\debug\letterbox.tlog\bscmake.write.1.tlog
e:\formation\exo after\prog after\adobe after effects cc 2017.1 win sdk\examples\thomas\letterbox\win\x64\debug\letterbox.tlog\cl.command.1.tlog
e:\formation\exo after\prog after\adobe after effects cc 2017.1 win sdk\examples\thomas\letterbox\win\x64\debug\letterbox.tlog\cl.read.1.tlog
e:\formation\exo after\prog after\adobe after effects cc 2017.1 win sdk\examples\thomas\letterbox\win\x64\debug\letterbox.tlog\cl.write.1.tlog
e:\formation\exo after\prog after\adobe after effects cc 2017.1 win sdk\examples\thomas\letterbox\win\x64\debug\letterbox.tlog\custombuild.command.1.tlog
e:\formation\exo after\prog after\adobe after effects cc 2017.1 win sdk\examples\thomas\letterbox\win\x64\debug\letterbox.tlog\custombuild.read.1.tlog
e:\formation\exo after\prog after\adobe after effects cc 2017.1 win sdk\examples\thomas\letterbox\win\x64\debug\letterbox.tlog\custombuild.write.1.tlog
e:\formation\exo after\prog after\adobe after effects cc 2017.1 win sdk\examples\thomas\letterbox\win\x64\debug\letterbox.tlog\letterbox.write.1u.tlog
e:\formation\exo after\prog after\adobe after effects cc 2017.1 win sdk\examples\thomas\letterbox\win\x64\debug\letterbox.tlog\link-cvtres.read.1.tlog
e:\formation\exo after\prog after\adobe after effects cc 2017.1 win sdk\examples\thomas\letterbox\win\x64\debug\letterbox.tlog\link-rc.read.1.tlog
e:\formation\exo after\prog after\adobe after effects cc 2017.1 win sdk\examples\thomas\letterbox\win\x64\debug\letterbox.tlog\link-rc.write.1.tlog
e:\formation\exo after\prog after\adobe after effects cc 2017.1 win sdk\examples\thomas\letterbox\win\x64\debug\letterbox.tlog\link.command.1.tlog
e:\formation\exo after\prog after\adobe after effects cc 2017.1 win sdk\examples\thomas\letterbox\win\x64\debug\letterbox.tlog\link.delete.1.tlog
e:\formation\exo after\prog after\adobe after effects cc 2017.1 win sdk\examples\thomas\letterbox\win\x64\debug\letterbox.tlog\link.read.1.tlog
e:\formation\exo after\prog after\adobe after effects cc 2017.1 win sdk\examples\thomas\letterbox\win\x64\debug\letterbox.tlog\link.write.1.tlog
e:\formation\exo after\prog after\adobe after effects cc 2017.1 win sdk\examples\thomas\letterbox\win\x64\debug\letterbox.tlog\rc.command.1.tlog
e:\formation\exo after\prog after\adobe after effects cc 2017.1 win sdk\examples\thomas\letterbox\win\x64\debug\letterbox.tlog\rc.read.1.tlog
e:\formation\exo after\prog after\adobe after effects cc 2017.1 win sdk\examples\thomas\letterbox\win\x64\debug\letterbox.tlog\rc.write.1.tlog
